\BOOKMARK [2][-]{subsection.0.1}{\376\377\000T\000a\000b\000e\000l\000l\000e\000n\000v\000e\000r\000z\000e\000i\000c\000h\000n\000i\000s}{}% 1
\BOOKMARK [2][-]{subsection.0.2}{\376\377\000A\000b\000b\000i\000l\000d\000u\000n\000g\000s\000v\000e\000r\000z\000e\000i\000c\000h\000n\000i\000s}{}% 2
\BOOKMARK [2][-]{subsection.0.3}{\376\377\000D\000a\000t\000e\000n\000a\000u\000s\000z\000u\000g}{}% 3
\BOOKMARK [2][-]{subsection.0.4}{\376\377\000F\000r\000a\000g\000e\000b\000o\000g\000e\000n}{}% 4
\BOOKMARK [1][-]{section.1}{\376\377\000F\000r\000e\000m\000d\000e\000n\000f\000e\000i\000n\000d\000l\000i\000c\000h\000k\000e\000i\000t\000\040\000a\000l\000s\000\040\000T\000h\000e\000m\000a}{}% 5
\BOOKMARK [2][-]{subsection.1.1}{\376\377\000W\000a\000r\000u\000m\000\040\000d\000a\000s\000\040\000T\000h\000e\000m\000a\000\040\000F\000r\000e\000m\000d\000e\000n\000f\000e\000i\000n\000d\000l\000i\000c\000h\000k\000e\000i\000t\000?}{section.1}% 6
\BOOKMARK [2][-]{subsection.1.2}{\376\377\000D\000e\000r\000\040\000B\000e\000g\000r\000i\000f\000f\000\040\000d\000e\000r\000\040\000F\000r\000e\000m\000d\000e\000n\000f\000e\000i\000n\000d\000l\000i\000c\000h\000k\000e\000i\000t}{section.1}% 7
\BOOKMARK [2][-]{subsection.1.3}{\376\377\000M\000\366\000g\000l\000i\000c\000h\000e\000\040\000E\000i\000n\000f\000l\000u\000s\000s\000f\000a\000k\000t\000o\000r\000e\000n}{section.1}% 8
\BOOKMARK [2][-]{subsection.1.4}{\376\377\000H\000y\000p\000o\000t\000h\000e\000s\000e\000n}{section.1}% 9
\BOOKMARK [1][-]{section.2}{\376\377\000F\000o\000r\000s\000c\000h\000u\000n\000g\000s\000d\000e\000s\000i\000g\000n\000\040\000u\000n\000d\000\040\000M\000e\000t\000h\000o\000d\000e}{}% 10
\BOOKMARK [2][-]{subsection.2.1}{\376\377\000B\000e\000f\000r\000a\000g\000u\000n\000g}{section.2}% 11
\BOOKMARK [2][-]{subsection.2.2}{\376\377\000F\000r\000a\000g\000e\000b\000o\000g\000e\000n}{section.2}% 12
\BOOKMARK [2][-]{subsection.2.3}{\376\377\000V\000a\000r\000i\000a\000b\000l\000e\000n}{section.2}% 13
\BOOKMARK [1][-]{section.3}{\376\377\000D\000e\000r\000\040\000D\000a\000t\000e\000n\000s\000a\000t\000z}{}% 14
\BOOKMARK [2][-]{subsection.3.1}{\376\377\000K\000o\000d\000i\000e\000r\000u\000n\000g}{section.3}% 15
\BOOKMARK [2][-]{subsection.3.2}{\376\377\000D\000a\000t\000e\000n\000k\000o\000n\000t\000r\000o\000l\000l\000e}{section.3}% 16
\BOOKMARK [3][-]{subsubsection.3.2.1}{\376\377\000M\000i\000s\000s\000i\000n\000g\000\040\000v\000a\000l\000u\000e\000s}{subsection.3.2}% 17
\BOOKMARK [3][-]{subsubsection.3.2.2}{\376\377\000A\000u\000s\000r\000e\000i\000s\000s\000e\000r}{subsection.3.2}% 18
\BOOKMARK [1][-]{section.4}{\376\377\000E\000m\000p\000i\000r\000i\000e}{}% 19
\BOOKMARK [2][-]{subsection.4.1}{\376\377\000D\000e\000m\000o\000g\000r\000a\000p\000h\000i\000s\000c\000h\000e\000\040\000D\000a\000t\000e\000n}{section.4}% 20
\BOOKMARK [2][-]{subsection.4.2}{\376\377\000P\000r\000\374\000f\000u\000n\000g\000\040\000d\000e\000r\000\040\000R\000e\000p\000r\000\344\000s\000e\000n\000t\000a\000t\000i\000v\000i\000t\000\344\000t}{section.4}% 21
\BOOKMARK [2][-]{subsection.4.3}{\376\377\000D\000i\000e\000\040\000a\000b\000h\000\344\000n\000g\000i\000g\000e\000\040\000V\000a\000r\000i\000a\000b\000l\000e}{section.4}% 22
\BOOKMARK [2][-]{subsection.4.4}{\376\377\000H\000y\000p\000o\000t\000h\000e\000s\000e\000\040\0001}{section.4}% 23
\BOOKMARK [2][-]{subsection.4.5}{\376\377\000H\000y\000p\000o\000t\000h\000e\000s\000e\000\040\0002}{section.4}% 24
\BOOKMARK [2][-]{subsection.4.6}{\376\377\000H\000y\000p\000o\000t\000h\000e\000s\000e\000\040\0003}{section.4}% 25
\BOOKMARK [3][-]{subsubsection.4.6.1}{\376\377\000P\000r\000o\000b\000l\000e\000m\000a\000n\000a\000l\000y\000s\000e}{subsection.4.6}% 26
\BOOKMARK [3][-]{subsubsection.4.6.2}{\376\377\000K\000u\000r\000z\000b\000e\000r\000i\000c\000h\000t}{subsection.4.6}% 27
\BOOKMARK [2][-]{subsection.4.7}{\376\377\000H\000y\000p\000o\000t\000h\000e\000s\000e\000\040\0004}{section.4}% 28
\BOOKMARK [3][-]{subsubsection.4.7.1}{\376\377\000P\000r\000o\000b\000l\000e\000m\000a\000n\000a\000l\000y\000s\000e}{subsection.4.7}% 29
\BOOKMARK [3][-]{subsubsection.4.7.2}{\376\377\000K\000u\000r\000z\000b\000e\000r\000i\000c\000h\000t}{subsection.4.7}% 30
\BOOKMARK [2][-]{subsection.4.8}{\376\377\000H\000y\000p\000o\000t\000h\000e\000s\000e\000\040\0005}{section.4}% 31
\BOOKMARK [3][-]{subsubsection.4.8.1}{\376\377\000P\000r\000o\000b\000l\000e\000m\000a\000n\000a\000l\000y\000s\000e}{subsection.4.8}% 32
\BOOKMARK [3][-]{subsubsection.4.8.2}{\376\377\000K\000u\000r\000z\000b\000e\000r\000i\000c\000h\000t}{subsection.4.8}% 33
\BOOKMARK [2][-]{subsection.4.9}{\376\377\000H\000y\000p\000o\000t\000h\000e\000s\000e\000\040\0006}{section.4}% 34
\BOOKMARK [3][-]{subsubsection.4.9.1}{\376\377\000P\000r\000o\000b\000l\000e\000m\000a\000n\000a\000l\000y\000s\000e}{subsection.4.9}% 35
\BOOKMARK [3][-]{subsubsection.4.9.2}{\376\377\000K\000u\000r\000z\000b\000e\000r\000i\000c\000h\000t}{subsection.4.9}% 36
\BOOKMARK [1][-]{section.5}{\376\377\000A\000n\000h\000a\000n\000g}{}% 37
\BOOKMARK [2][-]{subsection.5.1}{\376\377\000\334\000b\000e\000r\000s\000i\000c\000h\000t\000\040\000D\000a\000t\000e\000n\000s\000a\000t\000z}{section.5}% 38
\BOOKMARK [2][-]{subsection.5.2}{\376\377\000\334\000b\000e\000r\000s\000i\000c\000h\000t\000\040\000N\000A}{section.5}% 39
\BOOKMARK [1][-]{section.6}{\376\377\000R\000e\000f\000e\000r\000e\000n\000z\000e\000n}{}% 40
